# JRE version: OpenJDK Runtime Environment 18.9 (11.0.16+8) (build 11.0.16+8)
# Java VM: OpenJDK 64-Bit Server VM 18.9 (11.0.16+8, mixed mode, tiered, compressed oops, g1 gc, windows-amd64)
Heap:
 garbage-first heap   total 310272K, used 268921K [0x0000000080000000, 0x0000000100000000)
  region size 1024K, 5 young (5120K), 2 survivors (2048K)
 Metaspace       used 123748K, capacity 128847K, committed 129028K, reserved 628736K
  class space    used 15549K, capacity 17431K, committed 17536K, reserved 516096K
GC Heap History (20 events):
Event: 495.203 GC heap before
{Heap before GC invocations=68 (full 0):
 garbage-first heap   total 310272K, used 257403K [0x0000000080000000, 0x0000000100000000)
  region size 1024K, 37 young (37888K), 5 survivors (5120K)
 Metaspace       used 122305K, capacity 127094K, committed 127236K, reserved 626688K
  class space    used 15424K, capacity 17203K, committed 17280K, reserved 516096K
}
Event: 495.210 GC heap after
{Heap after GC invocations=69 (full 0):
 garbage-first heap   total 310272K, used 226613K [0x0000000080000000, 0x0000000100000000)
  region size 1024K, 1 young (1024K), 1 survivors (1024K)
 Metaspace       used 122305K, capacity 127094K, committed 127236K, reserved 626688K
  class space    used 15424K, capacity 17203K, committed 17280K, reserved 516096K
}
Event: 1768.657 GC heap before
{Heap before GC invocations=69 (full 0):
 garbage-first heap   total 310272K, used 259381K [0x0000000080000000, 0x0000000100000000)
  region size 1024K, 34 young (34816K), 1 survivors (1024K)
 Metaspace       used 122516K, capacity 127269K, committed 127492K, reserved 626688K
  class space    used 15430K, capacity 17213K, committed 17280K, reserved 516096K
}
Event: 1768.665 GC heap after
{Heap after GC invocations=70 (full 0):
 garbage-first heap   total 310272K, used 227044K [0x0000000080000000, 0x0000000100000000)
  region size 1024K, 2 young (2048K), 2 survivors (2048K)
 Metaspace       used 122516K, capacity 127269K, committed 127492K, reserved 626688K
  class space    used 15430K, capacity 17213K, committed 17280K, reserved 516096K
}
Event: 1770.832 GC heap before
{Heap before GC invocations=70 (full 0):
 garbage-first heap   total 310272K, used 260836K [0x0000000080000000, 0x0000000100000000)
  region size 1024K, 36 young (36864K), 2 survivors (2048K)
 Metaspace       used 122772K, capacity 127735K, committed 128004K, reserved 628736K
  class space    used 15456K, capacity 17260K, committed 17280K, reserved 516096K
}
Event: 1770.843 GC heap after
{Heap after GC invocations=71 (full 0):
 garbage-first heap   total 310272K, used 230363K [0x0000000080000000, 0x0000000100000000)
  region size 1024K, 5 young (5120K), 5 survivors (5120K)
 Metaspace       used 122772K, capacity 127735K, committed 128004K, reserved 628736K
  class space    used 15456K, capacity 17260K, committed 17280K, reserved 516096K
}
Event: 1779.080 GC heap before
{Heap before GC invocations=71 (full 0):
 garbage-first heap   total 310272K, used 263131K [0x0000000080000000, 0x0000000100000000)
  region size 1024K, 38 young (38912K), 5 survivors (5120K)
 Metaspace       used 123302K, capacity 128438K, committed 128644K, reserved 628736K
  class space    used 15534K, capacity 17405K, committed 17408K, reserved 516096K
}
Event: 1779.109 GC heap after
{Heap after GC invocations=72 (full 0):
 garbage-first heap   total 310272K, used 236826K [0x0000000080000000, 0x0000000100000000)
  region size 1024K, 5 young (5120K), 5 survivors (5120K)
 Metaspace       used 123302K, capacity 128438K, committed 128644K, reserved 628736K
  class space    used 15534K, capacity 17405K, committed 17408K, reserved 516096K
}
Event: 1779.893 GC heap before
{Heap before GC invocations=72 (full 0):
 garbage-first heap   total 310272K, used 265498K [0x0000000080000000, 0x0000000100000000)
  region size 1024K, 33 young (33792K), 5 survivors (5120K)
 Metaspace       used 123407K, capacity 128628K, committed 128772K, reserved 628736K
  class space    used 15540K, capacity 17415K, committed 17536K, reserved 516096K
}
Event: 1779.909 GC heap after
{Heap after GC invocations=73 (full 0):
 garbage-first heap   total 310272K, used 243531K [0x0000000080000000, 0x0000000100000000)
  region size 1024K, 5 young (5120K), 5 survivors (5120K)
 Metaspace       used 123407K, capacity 128628K, committed 128772K, reserved 628736K
  class space    used 15540K, capacity 17415K, committed 17536K, reserved 516096K
}
Event: 1780.314 GC heap before
{Heap before GC invocations=73 (full 0):
 garbage-first heap   total 310272K, used 265035K [0x0000000080000000, 0x0000000100000000)
  region size 1024K, 27 young (27648K), 5 survivors (5120K)
 Metaspace       used 123466K, capacity 128632K, committed 128772K, reserved 628736K
  class space    used 15540K, capacity 17416K, committed 17536K, reserved 516096K
}
Event: 1780.327 GC heap after
{Heap after GC invocations=74 (full 0):
 garbage-first heap   total 310272K, used 248094K [0x0000000080000000, 0x0000000100000000)
  region size 1024K, 4 young (4096K), 4 survivors (4096K)
 Metaspace       used 123466K, capacity 128632K, committed 128772K, reserved 628736K
  class space    used 15540K, capacity 17416K, committed 17536K, reserved 516096K
}
Event: 1780.782 GC heap before
{Heap before GC invocations=74 (full 0):
 garbage-first heap   total 310272K, used 267550K [0x0000000080000000, 0x0000000100000000)
  region size 1024K, 23 young (23552K), 4 survivors (4096K)
 Metaspace       used 123521K, capacity 128644K, committed 128772K, reserved 628736K
  class space    used 15542K, capacity 17418K, committed 17536K, reserved 516096K
}
Event: 1780.798 GC heap after
{Heap after GC invocations=75 (full 0):
 garbage-first heap   total 310272K, used 251783K [0x0000000080000000, 0x0000000100000000)
  region size 1024K, 3 young (3072K), 3 survivors (3072K)
 Metaspace       used 123521K, capacity 128644K, committed 128772K, reserved 628736K
  class space    used 15542K, capacity 17418K, committed 17536K, reserved 516096K
}
Event: 1781.454 GC heap before
{Heap before GC invocations=75 (full 0):
 garbage-first heap   total 310272K, used 269191K [0x0000000080000000, 0x0000000100000000)
  region size 1024K, 20 young (20480K), 3 survivors (3072K)
 Metaspace       used 123605K, capacity 128806K, committed 129028K, reserved 628736K
  class space    used 15546K, capacity 17426K, committed 17536K, reserved 516096K
}
Event: 1781.470 GC heap after
{Heap after GC invocations=76 (full 0):
 garbage-first heap   total 310272K, used 257462K [0x0000000080000000, 0x0000000100000000)
  region size 1024K, 3 young (3072K), 3 survivors (3072K)
 Metaspace       used 123605K, capacity 128806K, committed 129028K, reserved 628736K
  class space    used 15546K, capacity 17426K, committed 17536K, reserved 516096K
}
Event: 1781.949 GC heap before
{Heap before GC invocations=76 (full 0):
 garbage-first heap   total 310272K, used 269750K [0x0000000080000000, 0x0000000100000000)
  region size 1024K, 15 young (15360K), 3 survivors (3072K)
 Metaspace       used 123682K, capacity 128828K, committed 129028K, reserved 628736K
  class space    used 15547K, capacity 17428K, committed 17536K, reserved 516096K
}
Event: 1781.969 GC heap after
{Heap after GC invocations=77 (full 0):
 garbage-first heap   total 310272K, used 261996K [0x0000000080000000, 0x0000000100000000)
  region size 1024K, 2 young (2048K), 2 survivors (2048K)
 Metaspace       used 123682K, capacity 128828K, committed 129028K, reserved 628736K
  class space    used 15547K, capacity 17428K, committed 17536K, reserved 516096K
}
Event: 1782.408 GC heap before
{Heap before GC invocations=77 (full 0):
 garbage-first heap   total 310272K, used 275308K [0x0000000080000000, 0x0000000100000000)
  region size 1024K, 15 young (15360K), 2 survivors (2048K)
 Metaspace       used 123739K, capacity 128847K, committed 129028K, reserved 628736K
  class space    used 15549K, capacity 17431K, committed 17536K, reserved 516096K
}
Event: 1782.419 GC heap after
{Heap after GC invocations=78 (full 0):
 garbage-first heap   total 310272K, used 266873K [0x0000000080000000, 0x0000000100000000)
  region size 1024K, 2 young (2048K), 2 survivors (2048K)
 Metaspace       used 123739K, capacity 128847K, committed 129028K, reserved 628736K
  class space    used 15549K, capacity 17431K, committed 17536K, reserved 516096K
}

